<?xml version="1.0" encoding="UTF-8"?>
<testng-results ignored="0" total="2" passed="2" failed="0" skipped="0">
  <reporter-output>
  </reporter-output>
  <suite started-at="2024-06-14T11:04:20 IST" name="Guru99 Test Suite" finished-at="2024-06-14T11:04:31 IST" duration-ms="11027">
    <groups>
    </groups>
    <test started-at="2024-06-14T11:04:20 IST" name="Login and Registration Tests-chrome" finished-at="2024-06-14T11:04:31 IST" duration-ms="11027">
      <class name="com.guru99.newtours.tests.TestBase">
        <test-method is-config="true" signature="setUp(java.lang.String)[pri:0, instance:com.guru99.newtours.tests.TestBase@54a7079e]" started-at="2024-06-14T11:04:11 IST" name="setUp" finished-at="2024-06-14T11:04:20 IST" duration-ms="8373" status="PASS">
          <params>
            <param index="0">
              <value>
                <![CDATA[chrome]]>
              </value>
            </param>
          </params>
          <reporter-output>
          </reporter-output>
        </test-method> <!-- setUp -->
        <test-method signature="login(java.lang.String,java.lang.String)[pri:0, instance:com.guru99.newtours.tests.TestBase@54a7079e]" started-at="2024-06-14T11:04:22 IST" name="login" data-provider="loginData" finished-at="2024-06-14T11:04:24 IST" duration-ms="2022" status="PASS">
          <params>
            <param index="0">
              <value>
                <![CDATA[admin]]>
              </value>
            </param>
            <param index="1">
              <value>
                <![CDATA[admin]]>
              </value>
            </param>
          </params>
          <reporter-output>
          </reporter-output>
        </test-method> <!-- login -->
        <test-method signature="register(java.lang.String,java.lang.String,java.lang.String,java.lang.String,java.lang.String,java.lang.String,java.lang.String,java.lang.String,java.lang.String,java.lang.String,java.lang.String)[pri:1, instance:com.guru99.newtours.tests.TestBase@54a7079e]" started-at="2024-06-14T11:04:24 IST" name="register" data-provider="registerData" finished-at="2024-06-14T11:04:30 IST" duration-ms="5984" status="PASS">
          <params>
            <param index="0">
              <value>
                <![CDATA[nirmala]]>
              </value>
            </param>
            <param index="1">
              <value>
                <![CDATA[c]]>
              </value>
            </param>
            <param index="2">
              <value>
                <![CDATA[1234567890]]>
              </value>
            </param>
            <param index="3">
              <value>
                <![CDATA[nirmala11@gmail.com]]>
              </value>
            </param>
            <param index="4">
              <value>
                <![CDATA[sreevalsam omkara]]>
              </value>
            </param>
            <param index="5">
              <value>
                <![CDATA[ottappalam]]>
              </value>
            </param>
            <param index="6">
              <value>
                <![CDATA[kerala]]>
              </value>
            </param>
            <param index="7">
              <value>
                <![CDATA[2132313]]>
              </value>
            </param>
            <param index="8">
              <value>
                <![CDATA[nirmala]]>
              </value>
            </param>
            <param index="9">
              <value>
                <![CDATA[Test1234]]>
              </value>
            </param>
            <param index="10">
              <value>
                <![CDATA[Test1234]]>
              </value>
            </param>
          </params>
          <reporter-output>
          </reporter-output>
        </test-method> <!-- register -->
        <test-method is-config="true" signature="tearDown()[pri:0, instance:com.guru99.newtours.tests.TestBase@54a7079e]" started-at="2024-06-14T11:04:31 IST" name="tearDown" finished-at="2024-06-14T11:04:31 IST" duration-ms="159" status="PASS">
          <reporter-output>
          </reporter-output>
        </test-method> <!-- tearDown -->
      </class> <!-- com.guru99.newtours.tests.TestBase -->
    </test> <!-- Login and Registration Tests-chrome -->
  </suite> <!-- Guru99 Test Suite -->
</testng-results>
