<?xml version="1.0" encoding="UTF-8"?>
<!-- Generated by org.testng.reporters.JUnitXMLReporter -->
<testsuite ignored="0" hostname="QB-KRT-10583" failures="0" tests="2" name="Login and Registration Tests-edge" time="36.318" errors="0" timestamp="2024-06-20T10:28:45 IST">
  <testcase classname="com.guru99.newtours.tests.TestBase" name="login" time="5.599"/>
  <testcase classname="com.guru99.newtours.tests.TestBase" name="register" time="9.203"/>
</testsuite> <!-- Login and Registration Tests-edge -->
