<?xml version="1.0" encoding="UTF-8"?>
<!-- Generated by org.testng.reporters.JUnitXMLReporter -->
<testsuite ignored="0" hostname="QB-KRT-10583" failures="0" tests="2" name="Login and Registration Tests-chrome" time="11.027" errors="0" timestamp="2024-06-14T11:04:31 IST">
  <testcase classname="com.guru99.newtours.tests.TestBase" name="login" time="2.022"/>
  <testcase classname="com.guru99.newtours.tests.TestBase" name="register" time="5.984"/>
</testsuite> <!-- Login and Registration Tests-chrome -->
